Started by user [8mha:////4OahvNbGsajhC2kru5bzTyxZi9bGWdZ6evA8Db95yGpbAAAAmB+LCAAAAAAAAP9b85aBtbiIQTGjNKU4P08vOT+vOD8nVc83PyU1x6OyILUoJzMv2y+/JJUBAhiZGBgqihhk0NSjKK2vVLpcJb0ykYmByZOBLSc1L70kw4eBubQop4RByCcrsSxRPycxL10/uKQoMy/dGmicFJpxzhAa3d4CIIO7hIFHv7Q4tUg/JbUsv6AYAGoIjprBAAAA[0mdevops area
Building in workspace /var/jenkins_home/workspace/java-testapp-docker
 > git rev-parse --is-inside-work-tree # timeout=10
Fetching changes from the remote Git repository
 > git config remote.origin.url https://github.com/zeineldin/Java-testapp.git # timeout=10
Fetching upstream changes from https://github.com/zeineldin/Java-testapp.git
 > git --version # timeout=10
 > git fetch --tags --progress https://github.com/zeineldin/Java-testapp.git +refs/heads/*:refs/remotes/origin/*
 > git rev-parse refs/remotes/origin/master^{commit} # timeout=10
 > git rev-parse refs/remotes/origin/origin/master^{commit} # timeout=10
Checking out Revision 9e418555cacbafd0f5857d3bf7246455fde0b27f (refs/remotes/origin/master)
 > git config core.sparsecheckout # timeout=10
 > git checkout -f 9e418555cacbafd0f5857d3bf7246455fde0b27f
Commit message: "Update HelloWorld.java"
 > git rev-list --no-walk 9e418555cacbafd0f5857d3bf7246455fde0b27f # timeout=10
[java-testapp-docker] $ /var/jenkins_home/tools/hudson.tasks.Maven_MavenInstallation/devops-maven/bin/mvn install
[INFO] Scanning for projects...
[INFO] 
[INFO] -----------------------< devopsarea:devopsarea >------------------------
[INFO] Building devopsarea 1.0
[INFO] --------------------------------[ war ]---------------------------------
[INFO] 
[8mha:////4PhNESLLsZZGMd8gw38Wm1lc5Eg+dkSYTPMWn/q4flRvAAAAYB+LCAAAAAAAAP9b85aBtbiIQSmjNKU4P0+vJLE4u1gvPjexLDVPzxdEGvvmZ+X75ZekLlOVfvTjc8FPJgaGiiIGKaiG5Py84vycVD1nCA1SyAABjCCFBQCV27OjYAAAAA==[0m[INFO] --- maven-enforcer-plugin:1.3.1:enforce (enforce-java) @ devopsarea ---
[INFO] 
[8mha:////4PhNESLLsZZGMd8gw38Wm1lc5Eg+dkSYTPMWn/q4flRvAAAAYB+LCAAAAAAAAP9b85aBtbiIQSmjNKU4P0+vJLE4u1gvPjexLDVPzxdEGvvmZ+X75ZekLlOVfvTjc8FPJgaGiiIGKaiG5Py84vycVD1nCA1SyAABjCCFBQCV27OjYAAAAA==[0m[INFO] --- maven-resources-plugin:2.6:resources (default-resources) @ devopsarea ---
[8mha:////4KKqmdxN56zAice1Snr4grMbPcbqyh5+sHr7wKf2f7xBAAAAYx+LCAAAAAAAAP9b85aBtbiIQSWjNKU4P0+vJLE4u1gvPjexLDVPzxdEhicW5WXmpfvll6S2fNly5fzGzauYGBgqihikoFqS8/OK83NS9ZwhNEghAwQwghQWAACwxA+XYgAAAA==[0m[WARNING] Using platform encoding (UTF-8 actually) to copy filtered resources, i.e. build is platform dependent!
[INFO] skip non existing resourceDirectory /var/jenkins_home/workspace/java-testapp-docker/src/main/resources
[INFO] 
[8mha:////4PhNESLLsZZGMd8gw38Wm1lc5Eg+dkSYTPMWn/q4flRvAAAAYB+LCAAAAAAAAP9b85aBtbiIQSmjNKU4P0+vJLE4u1gvPjexLDVPzxdEGvvmZ+X75ZekLlOVfvTjc8FPJgaGiiIGKaiG5Py84vycVD1nCA1SyAABjCCFBQCV27OjYAAAAA==[0m[INFO] --- maven-compiler-plugin:3.1:compile (default-compile) @ devopsarea ---
[INFO] Nothing to compile - all classes are up to date
[INFO] 
[8mha:////4PhNESLLsZZGMd8gw38Wm1lc5Eg+dkSYTPMWn/q4flRvAAAAYB+LCAAAAAAAAP9b85aBtbiIQSmjNKU4P0+vJLE4u1gvPjexLDVPzxdEGvvmZ+X75ZekLlOVfvTjc8FPJgaGiiIGKaiG5Py84vycVD1nCA1SyAABjCCFBQCV27OjYAAAAA==[0m[INFO] --- maven-resources-plugin:2.6:testResources (default-testResources) @ devopsarea ---
[8mha:////4KKqmdxN56zAice1Snr4grMbPcbqyh5+sHr7wKf2f7xBAAAAYx+LCAAAAAAAAP9b85aBtbiIQSWjNKU4P0+vJLE4u1gvPjexLDVPzxdEhicW5WXmpfvll6S2fNly5fzGzauYGBgqihikoFqS8/OK83NS9ZwhNEghAwQwghQWAACwxA+XYgAAAA==[0m[WARNING] Using platform encoding (UTF-8 actually) to copy filtered resources, i.e. build is platform dependent!
[INFO] skip non existing resourceDirectory /var/jenkins_home/workspace/java-testapp-docker/src/test/resources
[INFO] 
[8mha:////4PhNESLLsZZGMd8gw38Wm1lc5Eg+dkSYTPMWn/q4flRvAAAAYB+LCAAAAAAAAP9b85aBtbiIQSmjNKU4P0+vJLE4u1gvPjexLDVPzxdEGvvmZ+X75ZekLlOVfvTjc8FPJgaGiiIGKaiG5Py84vycVD1nCA1SyAABjCCFBQCV27OjYAAAAA==[0m[INFO] --- maven-compiler-plugin:3.1:testCompile (default-testCompile) @ devopsarea ---
[INFO] No sources to compile
[INFO] 
[8mha:////4PhNESLLsZZGMd8gw38Wm1lc5Eg+dkSYTPMWn/q4flRvAAAAYB+LCAAAAAAAAP9b85aBtbiIQSmjNKU4P0+vJLE4u1gvPjexLDVPzxdEGvvmZ+X75ZekLlOVfvTjc8FPJgaGiiIGKaiG5Py84vycVD1nCA1SyAABjCCFBQCV27OjYAAAAA==[0m[INFO] --- maven-surefire-plugin:2.12.4:test (default-test) @ devopsarea ---
[INFO] No tests to run.
[INFO] 
[8mha:////4PhNESLLsZZGMd8gw38Wm1lc5Eg+dkSYTPMWn/q4flRvAAAAYB+LCAAAAAAAAP9b85aBtbiIQSmjNKU4P0+vJLE4u1gvPjexLDVPzxdEGvvmZ+X75ZekLlOVfvTjc8FPJgaGiiIGKaiG5Py84vycVD1nCA1SyAABjCCFBQCV27OjYAAAAA==[0m[INFO] --- maven-war-plugin:2.2:war (default-war) @ devopsarea ---
[INFO] Packaging webapp
[INFO] Assembling webapp [devopsarea] in [/var/jenkins_home/workspace/java-testapp-docker/target/devopsarea-1.0]
[INFO] Processing war project
[INFO] Copying webapp resources [/var/jenkins_home/workspace/java-testapp-docker/src/main/webapp]
[INFO] Webapp assembled in [811 msecs]
[INFO] Building war: /var/jenkins_home/workspace/java-testapp-docker/target/devopsarea-1.0.war
[INFO] WEB-INF/web.xml already added, skipping
[INFO] 
[8mha:////4PhNESLLsZZGMd8gw38Wm1lc5Eg+dkSYTPMWn/q4flRvAAAAYB+LCAAAAAAAAP9b85aBtbiIQSmjNKU4P0+vJLE4u1gvPjexLDVPzxdEGvvmZ+X75ZekLlOVfvTjc8FPJgaGiiIGKaiG5Py84vycVD1nCA1SyAABjCCFBQCV27OjYAAAAA==[0m[INFO] --- maven-install-plugin:2.4:install (default-install) @ devopsarea ---
[INFO] Installing /var/jenkins_home/workspace/java-testapp-docker/target/devopsarea-1.0.war to /root/.m2/repository/devopsarea/devopsarea/1.0/devopsarea-1.0.war
[INFO] Installing /var/jenkins_home/workspace/java-testapp-docker/pom.xml to /root/.m2/repository/devopsarea/devopsarea/1.0/devopsarea-1.0.pom
[INFO] ------------------------------------------------------------------------
[INFO] BUILD SUCCESS
[INFO] ------------------------------------------------------------------------
[INFO] Total time: 9.406 s
[INFO] Finished at: 2018-10-10T19:12:32Z
[INFO] ------------------------------------------------------------------------
[java-testapp-docker] $ /bin/sh -xe /tmp/jenkins3426471837112939921.sh
+ docker ps -a
CONTAINER ID        IMAGE               COMMAND                  CREATED             STATUS                            PORTS                                              NAMES
b115550f77f7        image-devops        "catalina.sh run"        2 minutes ago       Up 2 minutes (health: starting)   0.0.0.0:80->8080/tcp                               tomcat
ad2898284d92        jenkinsci/jenkins   "/sbin/tini -- /usr/â€¦"   About an hour ago   Up About an hour                  0.0.0.0:8080->8080/tcp, 0.0.0.0:50000->50000/tcp   jenkins
+ uname -s
+ uname -m
+ curl -L https://github.com/docker/compose/releases/download/1.22.0/docker-compose-Linux-x86_64 -o /usr/local/bin/docker-compose
  % Total    % Received % Xferd  Average Speed   Time    Time     Time  Current
                                 Dload  Upload   Total   Spent    Left  Speed
  0     0    0     0    0     0      0      0 --:--:-- --:--:-- --:--:--     0  0     0    0     0    0     0      0      0 --:--:-- --:--:-- --:--:--     0100   617    0   617    0     0   1143      0 --:--:-- --:--:-- --:--:--  1142
  0 11.2M    0 86593    0     0  57173      0  0:03:25  0:00:01  0:03:24 57173  6 11.2M    6  696k    0     0   284k      0  0:00:40  0:00:02  0:00:38  654k 13 11.2M   13 1563k    0     0   451k      0  0:00:25  0:00:03  0:00:22  760k 25 11.2M   25 2974k    0     0   663k      0  0:00:17  0:00:04  0:00:13  973k 42 11.2M   42 4827k    0     0   885k      0  0:00:12  0:00:05  0:00:07 1204k 70 11.2M   70 8124k    0     0  1259k      0  0:00:09  0:00:06  0:00:03 1628k100 11.2M  100 11.2M    0     0  1599k      0  0:00:07  0:00:07 --:--:-- 2280k
+ chmod +x /usr/local/bin/docker-compose
+ docker stop tomcat
tomcat
+ docker rm tomcat
Error: No such container: tomcat
+ true
$ docker-compose -f /var/jenkins_home/workspace/java-testapp-docker/docker-compose.yml up -d
.FileNotFoundError: [Errno 2] No such file or directory: '/var/jenkins_home/workspace/java-testapp-docker/docker-compose.yml'
Build step 'Docker Compose Build Step' changed build result to FAILURE
Finished: FAILURE
